<?xml version="1.0" encoding="UTF-8"?>
<!-- Generated by org.testng.reporters.JUnitXMLReporter -->
<testsuite hostname="LAPTOP-1J2LT591" ignored="0" name="Test Application Test" tests="3" failures="0" timestamp="29 Sep 2020 07:18:57 GMT" time="312.448" errors="0">
  <testcase name="getDealsPage" time="3.344" classname="com.qa.CRMPRO.test.DealsPageTest"/>
  <testcase name="getNewIcon" time="20.646" classname="com.qa.CRMPRO.test.DealsPageTest"/>
  <testcase name="getallDealsinfo" time="107.468" classname="com.qa.CRMPRO.test.DealsPageTest"/>
</testsuite> <!-- Test Application Test -->
