<?xml version="1.0" encoding="UTF-8"?>
<testng-results skipped="0" failed="0" ignored="0" total="3" passed="3">
  <reporter-output>
  </reporter-output>
  <suite name=" CRMPRO Regression Suite" duration-ms="312448" started-at="2020-09-29T07:13:43Z" finished-at="2020-09-29T07:18:56Z">
    <groups>
    </groups>
    <test name="Test Application Test" duration-ms="312448" started-at="2020-09-29T07:13:43Z" finished-at="2020-09-29T07:18:56Z">
      <class name="com.qa.CRMPRO.test.DealsPageTest">
        <test-method status="PASS" signature="setUp()[pri:0, instance:com.qa.CRMPRO.test.DealsPageTest@6d763516]" name="setUp" is-config="true" duration-ms="168061" started-at="2020-09-29T07:13:44Z" finished-at="2020-09-29T07:16:32Z">
          <reporter-output>
          </reporter-output>
        </test-method> <!-- setUp -->
        <test-method status="PASS" signature="getDealsPage()[pri:1, instance:com.qa.CRMPRO.test.DealsPageTest@6d763516]" name="getDealsPage" duration-ms="3344" started-at="2020-09-29T07:16:32Z" finished-at="2020-09-29T07:16:35Z">
          <reporter-output>
          </reporter-output>
        </test-method> <!-- getDealsPage -->
        <test-method status="PASS" signature="getNewIcon()[pri:2, instance:com.qa.CRMPRO.test.DealsPageTest@6d763516]" name="getNewIcon" duration-ms="20646" started-at="2020-09-29T07:16:41Z" finished-at="2020-09-29T07:17:02Z">
          <reporter-output>
          </reporter-output>
        </test-method> <!-- getNewIcon -->
        <test-method status="PASS" signature="getallDealsinfo(java.lang.String, java.lang.String, java.lang.String, java.lang.String, java.lang.String, java.lang.String, java.lang.String, java.lang.String, java.lang.String, java.lang.String, java.lang.String)[pri:3, instance:com.qa.CRMPRO.test.DealsPageTest@6d763516]" name="getallDealsinfo" duration-ms="107468" started-at="2020-09-29T07:17:08Z" data-provider="getDealsinfo" finished-at="2020-09-29T07:18:56Z">
          <params>
            <param index="0">
              <value>
                <![CDATA[sam]]>
              </value>
            </param>
            <param index="1">
              <value>
                <![CDATA[Sandhyaseleniumn s]]>
              </value>
            </param>
            <param index="2">
              <value>
                <![CDATA[test]]>
              </value>
            </param>
            <param index="3">
              <value>
                <![CDATA[test]]>
              </value>
            </param>
            <param index="4">
              <value>
                <![CDATA[45]]>
              </value>
            </param>
            <param index="5">
              <value>
                <![CDATA[Negotiate]]>
              </value>
            </param>
            <param index="6">
              <value>
                <![CDATA[test]]>
              </value>
            </param>
            <param index="7">
              <value>
                <![CDATA[Terminated]]>
              </value>
            </param>
            <param index="8">
              <value>
                <![CDATA[Old]]>
              </value>
            </param>
            <param index="9">
              <value>
                <![CDATA[Referral]]>
              </value>
            </param>
            <param index="10">
              <value>
                <![CDATA[sa]]>
              </value>
            </param>
          </params>
          <reporter-output>
          </reporter-output>
        </test-method> <!-- getallDealsinfo -->
      </class> <!-- com.qa.CRMPRO.test.DealsPageTest -->
    </test> <!-- Test Application Test -->
  </suite> <!--  CRMPRO Regression Suite -->
</testng-results>
